# JRE version: OpenJDK Runtime Environment Temurin-17.0.13+11 (17.0.13+11) (build 17.0.13+11)
# Java VM: OpenJDK 64-Bit Server VM Temurin-17.0.13+11 (17.0.13+11, mixed mode, tiered, compressed oops, compressed class ptrs, parallel gc, windows-amd64)
GC Precious Log:
 CPUs: 16 total, 16 available
 Memory: 15791M
 Large Page Support: Disabled
 NUMA Support: Disabled
 Compressed Oops: Enabled (32-bit)
 Alignments: Space 512K, Generation 512K, Heap 2M
 Heap Min Capacity: 100M
 Heap Initial Capacity: 100M
 Heap Max Capacity: 1G
 Pre-touch: Disabled
 Parallel Workers: 13
Heap:
 PSYoungGen      total 6656K, used 2789K [0x00000000eab00000, 0x00000000eb580000, 0x0000000100000000)
  eden space 5632K, 31% used [0x00000000eab00000,0x00000000eacba238,0x00000000eb080000)
  from space 1024K, 99% used [0x00000000eb300000,0x00000000eb3ff248,0x00000000eb400000)
  to   space 2560K, 0% used [0x00000000eb080000,0x00000000eb080000,0x00000000eb300000)
 ParOldGen       total 183808K, used 155127K [0x00000000c0000000, 0x00000000cb380000, 0x00000000eab00000)
  object space 183808K, 84% used [0x00000000c0000000,0x00000000c977dc58,0x00000000cb380000)
 Metaspace       used 102566K, committed 104128K, reserved 1179648K
  class space    used 10254K, committed 11008K, reserved 1048576K
GC Heap History (20 events):
Event: 878.989 GC heap before
{Heap before GC invocations=4120 (full 58):
 PSYoungGen      total 7168K, used 6844K [0x00000000eab00000, 0x00000000eb980000, 0x0000000100000000)
  eden space 5632K, 100% used [0x00000000eab00000,0x00000000eb080000,0x00000000eb080000)
  from space 1536K, 78% used [0x00000000eb800000,0x00000000eb92f298,0x00000000eb980000)
  to   space 3072K, 0% used [0x00000000eb380000,0x00000000eb380000,0x00000000eb680000)
 ParOldGen       total 183808K, used 145117K [0x00000000c0000000, 0x00000000cb380000, 0x00000000eab00000)
  object space 183808K, 78% used [0x00000000c0000000,0x00000000c8db7678,0x00000000cb380000)
 Metaspace       used 102566K, committed 104128K, reserved 1179648K
  class space    used 10254K, committed 11008K, reserved 1048576K
}
Event: 878.991 GC heap after
{Heap after GC invocations=4120 (full 58):
 PSYoungGen      total 8192K, used 2289K [0x00000000eab00000, 0x00000000eb880000, 0x0000000100000000)
  eden space 5632K, 0% used [0x00000000eab00000,0x00000000eab00000,0x00000000eb080000)
  from space 2560K, 89% used [0x00000000eb380000,0x00000000eb5bc7b0,0x00000000eb600000)
  to   space 2560K, 0% used [0x00000000eb600000,0x00000000eb600000,0x00000000eb880000)
 ParOldGen       total 183808K, used 146021K [0x00000000c0000000, 0x00000000cb380000, 0x00000000eab00000)
  object space 183808K, 79% used [0x00000000c0000000,0x00000000c8e99788,0x00000000cb380000)
 Metaspace       used 102566K, committed 104128K, reserved 1179648K
  class space    used 10254K, committed 11008K, reserved 1048576K
}
Event: 879.051 GC heap before
{Heap before GC invocations=4121 (full 58):
 PSYoungGen      total 8192K, used 7921K [0x00000000eab00000, 0x00000000eb880000, 0x0000000100000000)
  eden space 5632K, 99% used [0x00000000eab00000,0x00000000eb07fff8,0x00000000eb080000)
  from space 2560K, 89% used [0x00000000eb380000,0x00000000eb5bc7b0,0x00000000eb600000)
  to   space 2560K, 0% used [0x00000000eb600000,0x00000000eb600000,0x00000000eb880000)
 ParOldGen       total 183808K, used 146021K [0x00000000c0000000, 0x00000000cb380000, 0x00000000eab00000)
  object space 183808K, 79% used [0x00000000c0000000,0x00000000c8e99788,0x00000000cb380000)
 Metaspace       used 102566K, committed 104128K, reserved 1179648K
  class space    used 10254K, committed 11008K, reserved 1048576K
}
Event: 879.053 GC heap after
{Heap after GC invocations=4121 (full 58):
 PSYoungGen      total 8192K, used 2096K [0x00000000eab00000, 0x00000000eb880000, 0x0000000100000000)
  eden space 5632K, 0% used [0x00000000eab00000,0x00000000eab00000,0x00000000eb080000)
  from space 2560K, 81% used [0x00000000eb600000,0x00000000eb80c3e0,0x00000000eb880000)
  to   space 2560K, 0% used [0x00000000eb380000,0x00000000eb380000,0x00000000eb600000)
 ParOldGen       total 183808K, used 147906K [0x00000000c0000000, 0x00000000cb380000, 0x00000000eab00000)
  object space 183808K, 80% used [0x00000000c0000000,0x00000000c9070820,0x00000000cb380000)
 Metaspace       used 102566K, committed 104128K, reserved 1179648K
  class space    used 10254K, committed 11008K, reserved 1048576K
}
Event: 879.234 GC heap before
{Heap before GC invocations=4122 (full 58):
 PSYoungGen      total 8192K, used 7728K [0x00000000eab00000, 0x00000000eb880000, 0x0000000100000000)
  eden space 5632K, 100% used [0x00000000eab00000,0x00000000eb080000,0x00000000eb080000)
  from space 2560K, 81% used [0x00000000eb600000,0x00000000eb80c3e0,0x00000000eb880000)
  to   space 2560K, 0% used [0x00000000eb380000,0x00000000eb380000,0x00000000eb600000)
 ParOldGen       total 183808K, used 147906K [0x00000000c0000000, 0x00000000cb380000, 0x00000000eab00000)
  object space 183808K, 80% used [0x00000000c0000000,0x00000000c9070820,0x00000000cb380000)
 Metaspace       used 102566K, committed 104128K, reserved 1179648K
  class space    used 10254K, committed 11008K, reserved 1048576K
}
Event: 879.235 GC heap after
{Heap after GC invocations=4122 (full 58):
 PSYoungGen      total 6656K, used 638K [0x00000000eab00000, 0x00000000eb680000, 0x0000000100000000)
  eden space 5632K, 0% used [0x00000000eab00000,0x00000000eab00000,0x00000000eb080000)
  from space 1024K, 62% used [0x00000000eb380000,0x00000000eb41f958,0x00000000eb480000)
  to   space 1536K, 0% used [0x00000000eb500000,0x00000000eb500000,0x00000000eb680000)
 ParOldGen       total 183808K, used 149258K [0x00000000c0000000, 0x00000000cb380000, 0x00000000eab00000)
  object space 183808K, 81% used [0x00000000c0000000,0x00000000c91c2bd8,0x00000000cb380000)
 Metaspace       used 102566K, committed 104128K, reserved 1179648K
  class space    used 10254K, committed 11008K, reserved 1048576K
}
Event: 879.510 GC heap before
{Heap before GC invocations=4123 (full 58):
 PSYoungGen      total 6656K, used 6270K [0x00000000eab00000, 0x00000000eb680000, 0x0000000100000000)
  eden space 5632K, 100% used [0x00000000eab00000,0x00000000eb080000,0x00000000eb080000)
  from space 1024K, 62% used [0x00000000eb380000,0x00000000eb41f958,0x00000000eb480000)
  to   space 1536K, 0% used [0x00000000eb500000,0x00000000eb500000,0x00000000eb680000)
 ParOldGen       total 183808K, used 149258K [0x00000000c0000000, 0x00000000cb380000, 0x00000000eab00000)
  object space 183808K, 81% used [0x00000000c0000000,0x00000000c91c2bd8,0x00000000cb380000)
 Metaspace       used 102566K, committed 104128K, reserved 1179648K
  class space    used 10254K, committed 11008K, reserved 1048576K
}
Event: 879.511 GC heap after
{Heap after GC invocations=4123 (full 58):
 PSYoungGen      total 7168K, used 1236K [0x00000000eab00000, 0x00000000eb680000, 0x0000000100000000)
  eden space 5632K, 0% used [0x00000000eab00000,0x00000000eab00000,0x00000000eb080000)
  from space 1536K, 80% used [0x00000000eb500000,0x00000000eb6350e8,0x00000000eb680000)
  to   space 1536K, 0% used [0x00000000eb380000,0x00000000eb380000,0x00000000eb500000)
 ParOldGen       total 183808K, used 149495K [0x00000000c0000000, 0x00000000cb380000, 0x00000000eab00000)
  object space 183808K, 81% used [0x00000000c0000000,0x00000000c91fdca0,0x00000000cb380000)
 Metaspace       used 102566K, committed 104128K, reserved 1179648K
  class space    used 10254K, committed 11008K, reserved 1048576K
}
Event: 879.520 GC heap before
{Heap before GC invocations=4124 (full 58):
 PSYoungGen      total 7168K, used 6868K [0x00000000eab00000, 0x00000000eb680000, 0x0000000100000000)
  eden space 5632K, 100% used [0x00000000eab00000,0x00000000eb080000,0x00000000eb080000)
  from space 1536K, 80% used [0x00000000eb500000,0x00000000eb6350e8,0x00000000eb680000)
  to   space 1536K, 0% used [0x00000000eb380000,0x00000000eb380000,0x00000000eb500000)
 ParOldGen       total 183808K, used 149495K [0x00000000c0000000, 0x00000000cb380000, 0x00000000eab00000)
  object space 183808K, 81% used [0x00000000c0000000,0x00000000c91fdca0,0x00000000cb380000)
 Metaspace       used 102566K, committed 104128K, reserved 1179648K
  class space    used 10254K, committed 11008K, reserved 1048576K
}
Event: 879.522 GC heap after
{Heap after GC invocations=4124 (full 58):
 PSYoungGen      total 7168K, used 1396K [0x00000000eab00000, 0x00000000eb580000, 0x0000000100000000)
  eden space 5632K, 0% used [0x00000000eab00000,0x00000000eab00000,0x00000000eb080000)
  from space 1536K, 90% used [0x00000000eb380000,0x00000000eb4dd0e8,0x00000000eb500000)
  to   space 512K, 0% used [0x00000000eb500000,0x00000000eb500000,0x00000000eb580000)
 ParOldGen       total 183808K, used 149575K [0x00000000c0000000, 0x00000000cb380000, 0x00000000eab00000)
  object space 183808K, 81% used [0x00000000c0000000,0x00000000c9211ca0,0x00000000cb380000)
 Metaspace       used 102566K, committed 104128K, reserved 1179648K
  class space    used 10254K, committed 11008K, reserved 1048576K
}
Event: 880.179 GC heap before
{Heap before GC invocations=4125 (full 58):
 PSYoungGen      total 7168K, used 7028K [0x00000000eab00000, 0x00000000eb580000, 0x0000000100000000)
  eden space 5632K, 100% used [0x00000000eab00000,0x00000000eb080000,0x00000000eb080000)
  from space 1536K, 90% used [0x00000000eb380000,0x00000000eb4dd0e8,0x00000000eb500000)
  to   space 512K, 0% used [0x00000000eb500000,0x00000000eb500000,0x00000000eb580000)
 ParOldGen       total 183808K, used 149575K [0x00000000c0000000, 0x00000000cb380000, 0x00000000eab00000)
  object space 183808K, 81% used [0x00000000c0000000,0x00000000c9211ca0,0x00000000cb380000)
 Metaspace       used 102566K, committed 104128K, reserved 1179648K
  class space    used 10254K, committed 11008K, reserved 1048576K
}
Event: 880.180 GC heap after
{Heap after GC invocations=4125 (full 58):
 PSYoungGen      total 6144K, used 480K [0x00000000eab00000, 0x00000000eb580000, 0x0000000100000000)
  eden space 5632K, 0% used [0x00000000eab00000,0x00000000eab00000,0x00000000eb080000)
  from space 512K, 93% used [0x00000000eb500000,0x00000000eb578020,0x00000000eb580000)
  to   space 1536K, 0% used [0x00000000eb280000,0x00000000eb280000,0x00000000eb400000)
 ParOldGen       total 183808K, used 150135K [0x00000000c0000000, 0x00000000cb380000, 0x00000000eab00000)
  object space 183808K, 81% used [0x00000000c0000000,0x00000000c929de30,0x00000000cb380000)
 Metaspace       used 102566K, committed 104128K, reserved 1179648K
  class space    used 10254K, committed 11008K, reserved 1048576K
}
Event: 880.352 GC heap before
{Heap before GC invocations=4126 (full 58):
 PSYoungGen      total 6144K, used 6112K [0x00000000eab00000, 0x00000000eb580000, 0x0000000100000000)
  eden space 5632K, 100% used [0x00000000eab00000,0x00000000eb080000,0x00000000eb080000)
  from space 512K, 93% used [0x00000000eb500000,0x00000000eb578020,0x00000000eb580000)
  to   space 1536K, 0% used [0x00000000eb280000,0x00000000eb280000,0x00000000eb400000)
 ParOldGen       total 183808K, used 150135K [0x00000000c0000000, 0x00000000cb380000, 0x00000000eab00000)
  object space 183808K, 81% used [0x00000000c0000000,0x00000000c929de30,0x00000000cb380000)
 Metaspace       used 102566K, committed 104128K, reserved 1179648K
  class space    used 10254K, committed 11008K, reserved 1048576K
}
Event: 880.353 GC heap after
{Heap after GC invocations=4126 (full 58):
 PSYoungGen      total 7168K, used 1509K [0x00000000eab00000, 0x00000000eb580000, 0x0000000100000000)
  eden space 5632K, 0% used [0x00000000eab00000,0x00000000eab00000,0x00000000eb080000)
  from space 1536K, 98% used [0x00000000eb280000,0x00000000eb3f9488,0x00000000eb400000)
  to   space 1536K, 0% used [0x00000000eb400000,0x00000000eb400000,0x00000000eb580000)
 ParOldGen       total 183808K, used 150667K [0x00000000c0000000, 0x00000000cb380000, 0x00000000eab00000)
  object space 183808K, 81% used [0x00000000c0000000,0x00000000c9322e58,0x00000000cb380000)
 Metaspace       used 102566K, committed 104128K, reserved 1179648K
  class space    used 10254K, committed 11008K, reserved 1048576K
}
Event: 880.423 GC heap before
{Heap before GC invocations=4127 (full 58):
 PSYoungGen      total 7168K, used 7141K [0x00000000eab00000, 0x00000000eb580000, 0x0000000100000000)
  eden space 5632K, 100% used [0x00000000eab00000,0x00000000eb080000,0x00000000eb080000)
  from space 1536K, 98% used [0x00000000eb280000,0x00000000eb3f9488,0x00000000eb400000)
  to   space 1536K, 0% used [0x00000000eb400000,0x00000000eb400000,0x00000000eb580000)
 ParOldGen       total 183808K, used 150667K [0x00000000c0000000, 0x00000000cb380000, 0x00000000eab00000)
  object space 183808K, 81% used [0x00000000c0000000,0x00000000c9322e58,0x00000000cb380000)
 Metaspace       used 102566K, committed 104128K, reserved 1179648K
  class space    used 10254K, committed 11008K, reserved 1048576K
}
Event: 880.424 GC heap after
{Heap after GC invocations=4127 (full 58):
 PSYoungGen      total 6656K, used 596K [0x00000000eab00000, 0x00000000eb500000, 0x0000000100000000)
  eden space 5632K, 0% used [0x00000000eab00000,0x00000000eab00000,0x00000000eb080000)
  from space 1024K, 58% used [0x00000000eb400000,0x00000000eb4950d8,0x00000000eb500000)
  to   space 1536K, 0% used [0x00000000eb200000,0x00000000eb200000,0x00000000eb380000)
 ParOldGen       total 183808K, used 151960K [0x00000000c0000000, 0x00000000cb380000, 0x00000000eab00000)
  object space 183808K, 82% used [0x00000000c0000000,0x00000000c94662d8,0x00000000cb380000)
 Metaspace       used 102566K, committed 104128K, reserved 1179648K
  class space    used 10254K, committed 11008K, reserved 1048576K
}
Event: 880.434 GC heap before
{Heap before GC invocations=4128 (full 58):
 PSYoungGen      total 6656K, used 6228K [0x00000000eab00000, 0x00000000eb500000, 0x0000000100000000)
  eden space 5632K, 100% used [0x00000000eab00000,0x00000000eb080000,0x00000000eb080000)
  from space 1024K, 58% used [0x00000000eb400000,0x00000000eb4950d8,0x00000000eb500000)
  to   space 1536K, 0% used [0x00000000eb200000,0x00000000eb200000,0x00000000eb380000)
 ParOldGen       total 183808K, used 151960K [0x00000000c0000000, 0x00000000cb380000, 0x00000000eab00000)
  object space 183808K, 82% used [0x00000000c0000000,0x00000000c94662d8,0x00000000cb380000)
 Metaspace       used 102566K, committed 104128K, reserved 1179648K
  class space    used 10254K, committed 11008K, reserved 1048576K
}
Event: 880.435 GC heap after
{Heap after GC invocations=4128 (full 58):
 PSYoungGen      total 7168K, used 1520K [0x00000000eab00000, 0x00000000eb580000, 0x0000000100000000)
  eden space 5632K, 0% used [0x00000000eab00000,0x00000000eab00000,0x00000000eb080000)
  from space 1536K, 99% used [0x00000000eb200000,0x00000000eb37c3b0,0x00000000eb380000)
  to   space 2048K, 0% used [0x00000000eb380000,0x00000000eb380000,0x00000000eb580000)
 ParOldGen       total 183808K, used 152696K [0x00000000c0000000, 0x00000000cb380000, 0x00000000eab00000)
  object space 183808K, 83% used [0x00000000c0000000,0x00000000c951e3d8,0x00000000cb380000)
 Metaspace       used 102566K, committed 104128K, reserved 1179648K
  class space    used 10254K, committed 11008K, reserved 1048576K
}
Event: 880.523 GC heap before
{Heap before GC invocations=4129 (full 58):
 PSYoungGen      total 7168K, used 7152K [0x00000000eab00000, 0x00000000eb580000, 0x0000000100000000)
  eden space 5632K, 100% used [0x00000000eab00000,0x00000000eb080000,0x00000000eb080000)
  from space 1536K, 99% used [0x00000000eb200000,0x00000000eb37c3b0,0x00000000eb380000)
  to   space 2048K, 0% used [0x00000000eb380000,0x00000000eb380000,0x00000000eb580000)
 ParOldGen       total 183808K, used 152696K [0x00000000c0000000, 0x00000000cb380000, 0x00000000eab00000)
  object space 183808K, 83% used [0x00000000c0000000,0x00000000c951e3d8,0x00000000cb380000)
 Metaspace       used 102566K, committed 104128K, reserved 1179648K
  class space    used 10254K, committed 11008K, reserved 1048576K
}
Event: 880.524 GC heap after
{Heap after GC invocations=4129 (full 58):
 PSYoungGen      total 7168K, used 1136K [0x00000000eab00000, 0x00000000eb500000, 0x0000000100000000)
  eden space 5632K, 0% used [0x00000000eab00000,0x00000000eab00000,0x00000000eb080000)
  from space 1536K, 74% used [0x00000000eb380000,0x00000000eb49c3d0,0x00000000eb500000)
  to   space 2048K, 0% used [0x00000000eb100000,0x00000000eb100000,0x00000000eb300000)
 ParOldGen       total 183808K, used 154171K [0x00000000c0000000, 0x00000000cb380000, 0x00000000eab00000)
  object space 183808K, 83% used [0x00000000c0000000,0x00000000c968efc0,0x00000000cb380000)
 Metaspace       used 102566K, committed 104128K, reserved 1179648K
  class space    used 10254K, committed 11008K, reserved 1048576K
}

