# JRE version: OpenJDK Runtime Environment Temurin-17.0.13+11 (17.0.13+11) (build 17.0.13+11)
# Java VM: OpenJDK 64-Bit Server VM Temurin-17.0.13+11 (17.0.13+11, mixed mode, tiered, compressed oops, compressed class ptrs, parallel gc, windows-amd64)
GC Precious Log:
 CPUs: 16 total, 16 available
 Memory: 15791M
 Large Page Support: Disabled
 NUMA Support: Disabled
 Compressed Oops: Enabled (32-bit)
 Alignments: Space 512K, Generation 512K, Heap 2M
 Heap Min Capacity: 100M
 Heap Initial Capacity: 100M
 Heap Max Capacity: 1G
 Pre-touch: Disabled
 Parallel Workers: 13
Heap:
 PSYoungGen      total 5120K, used 5004K [0x00000000eab00000, 0x00000000eb680000, 0x0000000100000000)
  eden space 3072K, 97% used [0x00000000eab00000,0x00000000eade9328,0x00000000eae00000)
  from space 2048K, 98% used [0x00000000eb180000,0x00000000eb379d18,0x00000000eb380000)
  to   space 3584K, 16% used [0x00000000eae00000,0x00000000eae93590,0x00000000eb180000)
 ParOldGen       total 162304K, used 152500K [0x00000000c0000000, 0x00000000c9e80000, 0x00000000eab00000)
  object space 162304K, 93% used [0x00000000c0000000,0x00000000c94ed238,0x00000000c9e80000)
 Metaspace       used 114265K, committed 115712K, reserved 1179648K
  class space    used 11172K, committed 11840K, reserved 1048576K
GC Heap History (20 events):
Event: 10293.535 GC heap after
{Heap after GC invocations=31270 (full 613):
 PSYoungGen      total 6656K, used 1774K [0x00000000eab00000, 0x00000000eb380000, 0x0000000100000000)
  eden space 4608K, 0% used [0x00000000eab00000,0x00000000eab00000,0x00000000eaf80000)
  from space 2048K, 86% used [0x00000000eaf80000,0x00000000eb13b828,0x00000000eb180000)
  to   space 2048K, 0% used [0x00000000eb180000,0x00000000eb180000,0x00000000eb380000)
 ParOldGen       total 162304K, used 142245K [0x00000000c0000000, 0x00000000c9e80000, 0x00000000eab00000)
  object space 162304K, 87% used [0x00000000c0000000,0x00000000c8ae97f8,0x00000000c9e80000)
 Metaspace       used 114265K, committed 115712K, reserved 1179648K
  class space    used 11172K, committed 11840K, reserved 1048576K
}
Event: 10293.543 GC heap before
{Heap before GC invocations=31271 (full 613):
 PSYoungGen      total 6656K, used 6382K [0x00000000eab00000, 0x00000000eb380000, 0x0000000100000000)
  eden space 4608K, 100% used [0x00000000eab00000,0x00000000eaf80000,0x00000000eaf80000)
  from space 2048K, 86% used [0x00000000eaf80000,0x00000000eb13b828,0x00000000eb180000)
  to   space 2048K, 0% used [0x00000000eb180000,0x00000000eb180000,0x00000000eb380000)
 ParOldGen       total 162304K, used 142245K [0x00000000c0000000, 0x00000000c9e80000, 0x00000000eab00000)
  object space 162304K, 87% used [0x00000000c0000000,0x00000000c8ae97f8,0x00000000c9e80000)
 Metaspace       used 114265K, committed 115712K, reserved 1179648K
  class space    used 11172K, committed 11840K, reserved 1048576K
}
Event: 10293.544 GC heap after
{Heap after GC invocations=31271 (full 613):
 PSYoungGen      total 5632K, used 596K [0x00000000eab00000, 0x00000000eb280000, 0x0000000100000000)
  eden space 4608K, 0% used [0x00000000eab00000,0x00000000eab00000,0x00000000eaf80000)
  from space 1024K, 58% used [0x00000000eb180000,0x00000000eb215188,0x00000000eb280000)
  to   space 1536K, 0% used [0x00000000eaf80000,0x00000000eaf80000,0x00000000eb100000)
 ParOldGen       total 162304K, used 143859K [0x00000000c0000000, 0x00000000c9e80000, 0x00000000eab00000)
  object space 162304K, 88% used [0x00000000c0000000,0x00000000c8c7ce90,0x00000000c9e80000)
 Metaspace       used 114265K, committed 115712K, reserved 1179648K
  class space    used 11172K, committed 11840K, reserved 1048576K
}
Event: 10293.613 GC heap before
{Heap before GC invocations=31272 (full 613):
 PSYoungGen      total 5632K, used 5204K [0x00000000eab00000, 0x00000000eb280000, 0x0000000100000000)
  eden space 4608K, 100% used [0x00000000eab00000,0x00000000eaf80000,0x00000000eaf80000)
  from space 1024K, 58% used [0x00000000eb180000,0x00000000eb215188,0x00000000eb280000)
  to   space 1536K, 0% used [0x00000000eaf80000,0x00000000eaf80000,0x00000000eb100000)
 ParOldGen       total 162304K, used 143859K [0x00000000c0000000, 0x00000000c9e80000, 0x00000000eab00000)
  object space 162304K, 88% used [0x00000000c0000000,0x00000000c8c7ce90,0x00000000c9e80000)
 Metaspace       used 114265K, committed 115712K, reserved 1179648K
  class space    used 11172K, committed 11840K, reserved 1048576K
}
Event: 10293.613 GC heap after
{Heap after GC invocations=31272 (full 613):
 PSYoungGen      total 6144K, used 352K [0x00000000eab00000, 0x00000000eb200000, 0x0000000100000000)
  eden space 4608K, 0% used [0x00000000eab00000,0x00000000eab00000,0x00000000eaf80000)
  from space 1536K, 22% used [0x00000000eaf80000,0x00000000eafd8000,0x00000000eb100000)
  to   space 1024K, 0% used [0x00000000eb100000,0x00000000eb100000,0x00000000eb200000)
 ParOldGen       total 162304K, used 144003K [0x00000000c0000000, 0x00000000c9e80000, 0x00000000eab00000)
  object space 162304K, 88% used [0x00000000c0000000,0x00000000c8ca0eb0,0x00000000c9e80000)
 Metaspace       used 114265K, committed 115712K, reserved 1179648K
  class space    used 11172K, committed 11840K, reserved 1048576K
}
Event: 10293.620 GC heap before
{Heap before GC invocations=31273 (full 613):
 PSYoungGen      total 6144K, used 4960K [0x00000000eab00000, 0x00000000eb200000, 0x0000000100000000)
  eden space 4608K, 100% used [0x00000000eab00000,0x00000000eaf80000,0x00000000eaf80000)
  from space 1536K, 22% used [0x00000000eaf80000,0x00000000eafd8000,0x00000000eb100000)
  to   space 1024K, 0% used [0x00000000eb100000,0x00000000eb100000,0x00000000eb200000)
 ParOldGen       total 162304K, used 144003K [0x00000000c0000000, 0x00000000c9e80000, 0x00000000eab00000)
  object space 162304K, 88% used [0x00000000c0000000,0x00000000c8ca0eb0,0x00000000c9e80000)
 Metaspace       used 114265K, committed 115712K, reserved 1179648K
  class space    used 11172K, committed 11840K, reserved 1048576K
}
Event: 10293.621 GC heap after
{Heap after GC invocations=31273 (full 613):
 PSYoungGen      total 5632K, used 1016K [0x00000000eab00000, 0x00000000eb280000, 0x0000000100000000)
  eden space 4608K, 0% used [0x00000000eab00000,0x00000000eab00000,0x00000000eaf80000)
  from space 1024K, 99% used [0x00000000eb100000,0x00000000eb1fe360,0x00000000eb200000)
  to   space 1536K, 0% used [0x00000000eaf80000,0x00000000eaf80000,0x00000000eb100000)
 ParOldGen       total 162304K, used 144259K [0x00000000c0000000, 0x00000000c9e80000, 0x00000000eab00000)
  object space 162304K, 88% used [0x00000000c0000000,0x00000000c8ce0eb0,0x00000000c9e80000)
 Metaspace       used 114265K, committed 115712K, reserved 1179648K
  class space    used 11172K, committed 11840K, reserved 1048576K
}
Event: 10293.631 GC heap before
{Heap before GC invocations=31274 (full 613):
 PSYoungGen      total 5632K, used 5624K [0x00000000eab00000, 0x00000000eb280000, 0x0000000100000000)
  eden space 4608K, 100% used [0x00000000eab00000,0x00000000eaf80000,0x00000000eaf80000)
  from space 1024K, 99% used [0x00000000eb100000,0x00000000eb1fe360,0x00000000eb200000)
  to   space 1536K, 0% used [0x00000000eaf80000,0x00000000eaf80000,0x00000000eb100000)
 ParOldGen       total 162304K, used 144259K [0x00000000c0000000, 0x00000000c9e80000, 0x00000000eab00000)
  object space 162304K, 88% used [0x00000000c0000000,0x00000000c8ce0eb0,0x00000000c9e80000)
 Metaspace       used 114265K, committed 115712K, reserved 1179648K
  class space    used 11172K, committed 11840K, reserved 1048576K
}
Event: 10293.632 GC heap after
{Heap after GC invocations=31274 (full 613):
 PSYoungGen      total 6144K, used 1506K [0x00000000eab00000, 0x00000000eb680000, 0x0000000100000000)
  eden space 4608K, 0% used [0x00000000eab00000,0x00000000eab00000,0x00000000eaf80000)
  from space 1536K, 98% used [0x00000000eaf80000,0x00000000eb0f89d0,0x00000000eb100000)
  to   space 3584K, 0% used [0x00000000eb300000,0x00000000eb300000,0x00000000eb680000)
 ParOldGen       total 162304K, used 145718K [0x00000000c0000000, 0x00000000c9e80000, 0x00000000eab00000)
  object space 162304K, 89% used [0x00000000c0000000,0x00000000c8e4d8a8,0x00000000c9e80000)
 Metaspace       used 114265K, committed 115712K, reserved 1179648K
  class space    used 11172K, committed 11840K, reserved 1048576K
}
Event: 10293.671 GC heap before
{Heap before GC invocations=31275 (full 613):
 PSYoungGen      total 6144K, used 6114K [0x00000000eab00000, 0x00000000eb680000, 0x0000000100000000)
  eden space 4608K, 100% used [0x00000000eab00000,0x00000000eaf80000,0x00000000eaf80000)
  from space 1536K, 98% used [0x00000000eaf80000,0x00000000eb0f89d0,0x00000000eb100000)
  to   space 3584K, 0% used [0x00000000eb300000,0x00000000eb300000,0x00000000eb680000)
 ParOldGen       total 162304K, used 145718K [0x00000000c0000000, 0x00000000c9e80000, 0x00000000eab00000)
  object space 162304K, 89% used [0x00000000c0000000,0x00000000c8e4d8a8,0x00000000c9e80000)
 Metaspace       used 114265K, committed 115712K, reserved 1179648K
  class space    used 11172K, committed 11840K, reserved 1048576K
}
Event: 10293.672 GC heap after
{Heap after GC invocations=31275 (full 613):
 PSYoungGen      total 6144K, used 1381K [0x00000000eab00000, 0x00000000eb480000, 0x0000000100000000)
  eden space 4608K, 0% used [0x00000000eab00000,0x00000000eab00000,0x00000000eaf80000)
  from space 1536K, 89% used [0x00000000eb300000,0x00000000eb4597a8,0x00000000eb480000)
  to   space 2048K, 0% used [0x00000000eb080000,0x00000000eb080000,0x00000000eb280000)
 ParOldGen       total 162304K, used 147362K [0x00000000c0000000, 0x00000000c9e80000, 0x00000000eab00000)
  object space 162304K, 90% used [0x00000000c0000000,0x00000000c8fe8bc8,0x00000000c9e80000)
 Metaspace       used 114265K, committed 115712K, reserved 1179648K
  class space    used 11172K, committed 11840K, reserved 1048576K
}
Event: 10293.862 GC heap before
{Heap before GC invocations=31276 (full 613):
 PSYoungGen      total 6144K, used 5989K [0x00000000eab00000, 0x00000000eb480000, 0x0000000100000000)
  eden space 4608K, 100% used [0x00000000eab00000,0x00000000eaf80000,0x00000000eaf80000)
  from space 1536K, 89% used [0x00000000eb300000,0x00000000eb4597a8,0x00000000eb480000)
  to   space 2048K, 0% used [0x00000000eb080000,0x00000000eb080000,0x00000000eb280000)
 ParOldGen       total 162304K, used 147362K [0x00000000c0000000, 0x00000000c9e80000, 0x00000000eab00000)
  object space 162304K, 90% used [0x00000000c0000000,0x00000000c8fe8bc8,0x00000000c9e80000)
 Metaspace       used 114265K, committed 115712K, reserved 1179648K
  class space    used 11172K, committed 11840K, reserved 1048576K
}
Event: 10293.863 GC heap after
{Heap after GC invocations=31276 (full 613):
 PSYoungGen      total 6656K, used 532K [0x00000000eab00000, 0x00000000eb380000, 0x0000000100000000)
  eden space 4608K, 0% used [0x00000000eab00000,0x00000000eab00000,0x00000000eaf80000)
  from space 2048K, 25% used [0x00000000eb080000,0x00000000eb105188,0x00000000eb280000)
  to   space 1024K, 0% used [0x00000000eb280000,0x00000000eb280000,0x00000000eb380000)
 ParOldGen       total 162304K, used 148055K [0x00000000c0000000, 0x00000000c9e80000, 0x00000000eab00000)
  object space 162304K, 91% used [0x00000000c0000000,0x00000000c9095d50,0x00000000c9e80000)
 Metaspace       used 114265K, committed 115712K, reserved 1179648K
  class space    used 11172K, committed 11840K, reserved 1048576K
}
Event: 10293.950 GC heap before
{Heap before GC invocations=31277 (full 613):
 PSYoungGen      total 6656K, used 5140K [0x00000000eab00000, 0x00000000eb380000, 0x0000000100000000)
  eden space 4608K, 100% used [0x00000000eab00000,0x00000000eaf80000,0x00000000eaf80000)
  from space 2048K, 25% used [0x00000000eb080000,0x00000000eb105188,0x00000000eb280000)
  to   space 1024K, 0% used [0x00000000eb280000,0x00000000eb280000,0x00000000eb380000)
 ParOldGen       total 162304K, used 148055K [0x00000000c0000000, 0x00000000c9e80000, 0x00000000eab00000)
  object space 162304K, 91% used [0x00000000c0000000,0x00000000c9095d50,0x00000000c9e80000)
 Metaspace       used 114265K, committed 115712K, reserved 1179648K
  class space    used 11172K, committed 11840K, reserved 1048576K
}
Event: 10293.951 GC heap after
{Heap after GC invocations=31277 (full 613):
 PSYoungGen      total 5632K, used 1000K [0x00000000eab00000, 0x00000000eb380000, 0x0000000100000000)
  eden space 4608K, 0% used [0x00000000eab00000,0x00000000eab00000,0x00000000eaf80000)
  from space 1024K, 97% used [0x00000000eb280000,0x00000000eb37a310,0x00000000eb380000)
  to   space 2048K, 0% used [0x00000000eaf80000,0x00000000eaf80000,0x00000000eb180000)
 ParOldGen       total 162304K, used 148484K [0x00000000c0000000, 0x00000000c9e80000, 0x00000000eab00000)
  object space 162304K, 91% used [0x00000000c0000000,0x00000000c91011e8,0x00000000c9e80000)
 Metaspace       used 114265K, committed 115712K, reserved 1179648K
  class space    used 11172K, committed 11840K, reserved 1048576K
}
Event: 10293.962 GC heap before
{Heap before GC invocations=31278 (full 613):
 PSYoungGen      total 5632K, used 5608K [0x00000000eab00000, 0x00000000eb380000, 0x0000000100000000)
  eden space 4608K, 100% used [0x00000000eab00000,0x00000000eaf80000,0x00000000eaf80000)
  from space 1024K, 97% used [0x00000000eb280000,0x00000000eb37a310,0x00000000eb380000)
  to   space 2048K, 0% used [0x00000000eaf80000,0x00000000eaf80000,0x00000000eb180000)
 ParOldGen       total 162304K, used 148484K [0x00000000c0000000, 0x00000000c9e80000, 0x00000000eab00000)
  object space 162304K, 91% used [0x00000000c0000000,0x00000000c91011e8,0x00000000c9e80000)
 Metaspace       used 114265K, committed 115712K, reserved 1179648K
  class space    used 11172K, committed 11840K, reserved 1048576K
}
Event: 10293.963 GC heap after
{Heap after GC invocations=31278 (full 613):
 PSYoungGen      total 6656K, used 1633K [0x00000000eab00000, 0x00000000eb380000, 0x0000000100000000)
  eden space 4608K, 0% used [0x00000000eab00000,0x00000000eab00000,0x00000000eaf80000)
  from space 2048K, 79% used [0x00000000eaf80000,0x00000000eb118630,0x00000000eb180000)
  to   space 2048K, 0% used [0x00000000eb180000,0x00000000eb180000,0x00000000eb380000)
 ParOldGen       total 162304K, used 149468K [0x00000000c0000000, 0x00000000c9e80000, 0x00000000eab00000)
  object space 162304K, 92% used [0x00000000c0000000,0x00000000c91f72d8,0x00000000c9e80000)
 Metaspace       used 114265K, committed 115712K, reserved 1179648K
  class space    used 11172K, committed 11840K, reserved 1048576K
}
Event: 10293.974 GC heap before
{Heap before GC invocations=31279 (full 613):
 PSYoungGen      total 6656K, used 6241K [0x00000000eab00000, 0x00000000eb380000, 0x0000000100000000)
  eden space 4608K, 100% used [0x00000000eab00000,0x00000000eaf80000,0x00000000eaf80000)
  from space 2048K, 79% used [0x00000000eaf80000,0x00000000eb118630,0x00000000eb180000)
  to   space 2048K, 0% used [0x00000000eb180000,0x00000000eb180000,0x00000000eb380000)
 ParOldGen       total 162304K, used 149468K [0x00000000c0000000, 0x00000000c9e80000, 0x00000000eab00000)
  object space 162304K, 92% used [0x00000000c0000000,0x00000000c91f72d8,0x00000000c9e80000)
 Metaspace       used 114265K, committed 115712K, reserved 1179648K
  class space    used 11172K, committed 11840K, reserved 1048576K
}
Event: 10293.976 GC heap after
{Heap after GC invocations=31279 (full 613):
 PSYoungGen      total 5120K, used 2023K [0x00000000eab00000, 0x00000000eb680000, 0x0000000100000000)
  eden space 3072K, 0% used [0x00000000eab00000,0x00000000eab00000,0x00000000eae00000)
  from space 2048K, 98% used [0x00000000eb180000,0x00000000eb379d18,0x00000000eb380000)
  to   space 3584K, 0% used [0x00000000eae00000,0x00000000eae00000,0x00000000eb180000)
 ParOldGen       total 162304K, used 150607K [0x00000000c0000000, 0x00000000c9e80000, 0x00000000eab00000)
  object space 162304K, 92% used [0x00000000c0000000,0x00000000c9313cf8,0x00000000c9e80000)
 Metaspace       used 114265K, committed 115712K, reserved 1179648K
  class space    used 11172K, committed 11840K, reserved 1048576K
}
Event: 10294.075 GC heap before
{Heap before GC invocations=31280 (full 613):
 PSYoungGen      total 5120K, used 5004K [0x00000000eab00000, 0x00000000eb680000, 0x0000000100000000)
  eden space 3072K, 97% used [0x00000000eab00000,0x00000000eade9328,0x00000000eae00000)
  from space 2048K, 98% used [0x00000000eb180000,0x00000000eb379d18,0x00000000eb380000)
  to   space 3584K, 0% used [0x00000000eae00000,0x00000000eae00000,0x00000000eb180000)
 ParOldGen       total 162304K, used 150607K [0x00000000c0000000, 0x00000000c9e80000, 0x00000000eab00000)
  object space 162304K, 92% used [0x00000000c0000000,0x00000000c9313cf8,0x00000000c9e80000)
 Metaspace       used 114265K, committed 115712K, reserved 1179648K
  class space    used 11172K, committed 11840K, reserved 1048576K
}

