# JRE version: OpenJDK Runtime Environment Temurin-17.0.13+11 (17.0.13+11) (build 17.0.13+11)
# Java VM: OpenJDK 64-Bit Server VM Temurin-17.0.13+11 (17.0.13+11, mixed mode, tiered, compressed oops, compressed class ptrs, parallel gc, windows-amd64)
GC Precious Log:
 CPUs: 16 total, 16 available
 Memory: 15791M
 Large Page Support: Disabled
 NUMA Support: Disabled
 Compressed Oops: Enabled (32-bit)
 Alignments: Space 512K, Generation 512K, Heap 2M
 Heap Min Capacity: 100M
 Heap Initial Capacity: 100M
 Heap Max Capacity: 1G
 Pre-touch: Disabled
 Parallel Workers: 13
Heap:
 PSYoungGen      total 2560K, used 2539K [0x00000000eab00000, 0x00000000ebc80000, 0x0000000100000000)
  eden space 1536K, 100% used [0x00000000eab00000,0x00000000eac80000,0x00000000eac80000)
  from space 1024K, 97% used [0x00000000eb280000,0x00000000eb37acf0,0x00000000eb380000)
  to   space 6144K, 0% used [0x00000000eac80000,0x00000000eac80000,0x00000000eb280000)
 ParOldGen       total 155648K, used 155424K [0x00000000c0000000, 0x00000000c9800000, 0x00000000eab00000)
  object space 155648K, 99% used [0x00000000c0000000,0x00000000c97c83a0,0x00000000c9800000)
 Metaspace       used 109240K, committed 110656K, reserved 1179648K
  class space    used 10618K, committed 11264K, reserved 1048576K
GC Heap History (20 events):
Event: 4185.996 GC heap after
{Heap after GC invocations=14051 (full 246):
 PSYoungGen      total 7680K, used 2029K [0x00000000eab00000, 0x00000000eb780000, 0x0000000100000000)
  eden space 5632K, 0% used [0x00000000eab00000,0x00000000eab00000,0x00000000eb080000)
  from space 2048K, 99% used [0x00000000eb280000,0x00000000eb47b730,0x00000000eb480000)
  to   space 3072K, 0% used [0x00000000eb480000,0x00000000eb480000,0x00000000eb780000)
 ParOldGen       total 152576K, used 148380K [0x00000000c0000000, 0x00000000c9500000, 0x00000000eab00000)
  object space 152576K, 97% used [0x00000000c0000000,0x00000000c90e7088,0x00000000c9500000)
 Metaspace       used 109223K, committed 110656K, reserved 1179648K
  class space    used 10616K, committed 11264K, reserved 1048576K
}
Event: 4193.089 GC heap before
{Heap before GC invocations=14052 (full 246):
 PSYoungGen      total 7680K, used 7661K [0x00000000eab00000, 0x00000000eb780000, 0x0000000100000000)
  eden space 5632K, 100% used [0x00000000eab00000,0x00000000eb080000,0x00000000eb080000)
  from space 2048K, 99% used [0x00000000eb280000,0x00000000eb47b730,0x00000000eb480000)
  to   space 3072K, 0% used [0x00000000eb480000,0x00000000eb480000,0x00000000eb780000)
 ParOldGen       total 152576K, used 148380K [0x00000000c0000000, 0x00000000c9500000, 0x00000000eab00000)
  object space 152576K, 97% used [0x00000000c0000000,0x00000000c90e7088,0x00000000c9500000)
 Metaspace       used 109223K, committed 110656K, reserved 1179648K
  class space    used 10616K, committed 11264K, reserved 1048576K
}
Event: 4193.090 GC heap after
{Heap after GC invocations=14052 (full 246):
 PSYoungGen      total 6144K, used 320K [0x00000000eab00000, 0x00000000eb500000, 0x0000000100000000)
  eden space 5632K, 0% used [0x00000000eab00000,0x00000000eab00000,0x00000000eb080000)
  from space 512K, 62% used [0x00000000eb480000,0x00000000eb4d0000,0x00000000eb500000)
  to   space 1536K, 0% used [0x00000000eb200000,0x00000000eb200000,0x00000000eb380000)
 ParOldGen       total 152576K, used 148404K [0x00000000c0000000, 0x00000000c9500000, 0x00000000eab00000)
  object space 152576K, 97% used [0x00000000c0000000,0x00000000c90ed088,0x00000000c9500000)
 Metaspace       used 109223K, committed 110656K, reserved 1179648K
  class space    used 10616K, committed 11264K, reserved 1048576K
}
Event: 4196.367 GC heap before
{Heap before GC invocations=14053 (full 246):
 PSYoungGen      total 6144K, used 5952K [0x00000000eab00000, 0x00000000eb500000, 0x0000000100000000)
  eden space 5632K, 100% used [0x00000000eab00000,0x00000000eb080000,0x00000000eb080000)
  from space 512K, 62% used [0x00000000eb480000,0x00000000eb4d0000,0x00000000eb500000)
  to   space 1536K, 0% used [0x00000000eb200000,0x00000000eb200000,0x00000000eb380000)
 ParOldGen       total 152576K, used 148404K [0x00000000c0000000, 0x00000000c9500000, 0x00000000eab00000)
  object space 152576K, 97% used [0x00000000c0000000,0x00000000c90ed088,0x00000000c9500000)
 Metaspace       used 109223K, committed 110656K, reserved 1179648K
  class space    used 10616K, committed 11264K, reserved 1048576K
}
Event: 4196.368 GC heap after
{Heap after GC invocations=14053 (full 246):
 PSYoungGen      total 7168K, used 1504K [0x00000000eab00000, 0x00000000eb500000, 0x0000000100000000)
  eden space 5632K, 0% used [0x00000000eab00000,0x00000000eab00000,0x00000000eb080000)
  from space 1536K, 97% used [0x00000000eb200000,0x00000000eb378020,0x00000000eb380000)
  to   space 1536K, 0% used [0x00000000eb380000,0x00000000eb380000,0x00000000eb500000)
 ParOldGen       total 152576K, used 148428K [0x00000000c0000000, 0x00000000c9500000, 0x00000000eab00000)
  object space 152576K, 97% used [0x00000000c0000000,0x00000000c90f3088,0x00000000c9500000)
 Metaspace       used 109223K, committed 110656K, reserved 1179648K
  class space    used 10616K, committed 11264K, reserved 1048576K
}
Event: 4196.376 GC heap before
{Heap before GC invocations=14054 (full 246):
 PSYoungGen      total 7168K, used 7133K [0x00000000eab00000, 0x00000000eb500000, 0x0000000100000000)
  eden space 5632K, 99% used [0x00000000eab00000,0x00000000eb07f6c8,0x00000000eb080000)
  from space 1536K, 97% used [0x00000000eb200000,0x00000000eb378020,0x00000000eb380000)
  to   space 1536K, 0% used [0x00000000eb380000,0x00000000eb380000,0x00000000eb500000)
 ParOldGen       total 152576K, used 148428K [0x00000000c0000000, 0x00000000c9500000, 0x00000000eab00000)
  object space 152576K, 97% used [0x00000000c0000000,0x00000000c90f3088,0x00000000c9500000)
 Metaspace       used 109223K, committed 110656K, reserved 1179648K
  class space    used 10616K, committed 11264K, reserved 1048576K
}
Event: 4196.377 GC heap after
{Heap after GC invocations=14054 (full 246):
 PSYoungGen      total 6144K, used 480K [0x00000000eab00000, 0x00000000eb400000, 0x0000000100000000)
  eden space 5632K, 0% used [0x00000000eab00000,0x00000000eab00000,0x00000000eb080000)
  from space 512K, 93% used [0x00000000eb380000,0x00000000eb3f8020,0x00000000eb400000)
  to   space 1024K, 0% used [0x00000000eb200000,0x00000000eb200000,0x00000000eb300000)
 ParOldGen       total 152576K, used 149164K [0x00000000c0000000, 0x00000000c9500000, 0x00000000eab00000)
  object space 152576K, 97% used [0x00000000c0000000,0x00000000c91ab238,0x00000000c9500000)
 Metaspace       used 109223K, committed 110656K, reserved 1179648K
  class space    used 10616K, committed 11264K, reserved 1048576K
}
Event: 4197.491 GC heap before
{Heap before GC invocations=14055 (full 246):
 PSYoungGen      total 6144K, used 6112K [0x00000000eab00000, 0x00000000eb400000, 0x0000000100000000)
  eden space 5632K, 100% used [0x00000000eab00000,0x00000000eb080000,0x00000000eb080000)
  from space 512K, 93% used [0x00000000eb380000,0x00000000eb3f8020,0x00000000eb400000)
  to   space 1024K, 0% used [0x00000000eb200000,0x00000000eb200000,0x00000000eb300000)
 ParOldGen       total 152576K, used 149164K [0x00000000c0000000, 0x00000000c9500000, 0x00000000eab00000)
  object space 152576K, 97% used [0x00000000c0000000,0x00000000c91ab238,0x00000000c9500000)
 Metaspace       used 109223K, committed 110656K, reserved 1179648K
  class space    used 10616K, committed 11264K, reserved 1048576K
}
Event: 4197.492 GC heap after
{Heap after GC invocations=14055 (full 246):
 PSYoungGen      total 6656K, used 544K [0x00000000eab00000, 0x00000000eb400000, 0x0000000100000000)
  eden space 5632K, 0% used [0x00000000eab00000,0x00000000eab00000,0x00000000eb080000)
  from space 1024K, 53% used [0x00000000eb200000,0x00000000eb288040,0x00000000eb300000)
  to   space 1024K, 0% used [0x00000000eb300000,0x00000000eb300000,0x00000000eb400000)
 ParOldGen       total 152576K, used 149244K [0x00000000c0000000, 0x00000000c9500000, 0x00000000eab00000)
  object space 152576K, 97% used [0x00000000c0000000,0x00000000c91bf238,0x00000000c9500000)
 Metaspace       used 109223K, committed 110656K, reserved 1179648K
  class space    used 10616K, committed 11264K, reserved 1048576K
}
Event: 4197.658 GC heap before
{Heap before GC invocations=14056 (full 246):
 PSYoungGen      total 6656K, used 6176K [0x00000000eab00000, 0x00000000eb400000, 0x0000000100000000)
  eden space 5632K, 100% used [0x00000000eab00000,0x00000000eb080000,0x00000000eb080000)
  from space 1024K, 53% used [0x00000000eb200000,0x00000000eb288040,0x00000000eb300000)
  to   space 1024K, 0% used [0x00000000eb300000,0x00000000eb300000,0x00000000eb400000)
 ParOldGen       total 152576K, used 149244K [0x00000000c0000000, 0x00000000c9500000, 0x00000000eab00000)
  object space 152576K, 97% used [0x00000000c0000000,0x00000000c91bf238,0x00000000c9500000)
 Metaspace       used 109223K, committed 110656K, reserved 1179648K
  class space    used 10616K, committed 11264K, reserved 1048576K
}
Event: 4197.658 GC heap after
{Heap after GC invocations=14056 (full 246):
 PSYoungGen      total 6144K, used 480K [0x00000000eab00000, 0x00000000eb380000, 0x0000000100000000)
  eden space 5632K, 0% used [0x00000000eab00000,0x00000000eab00000,0x00000000eb080000)
  from space 512K, 93% used [0x00000000eb300000,0x00000000eb378020,0x00000000eb380000)
  to   space 512K, 0% used [0x00000000eb280000,0x00000000eb280000,0x00000000eb300000)
 ParOldGen       total 152576K, used 149316K [0x00000000c0000000, 0x00000000c9500000, 0x00000000eab00000)
  object space 152576K, 97% used [0x00000000c0000000,0x00000000c91d1238,0x00000000c9500000)
 Metaspace       used 109223K, committed 110656K, reserved 1179648K
  class space    used 10616K, committed 11264K, reserved 1048576K
}
Event: 4200.340 GC heap before
{Heap before GC invocations=14057 (full 246):
 PSYoungGen      total 6144K, used 6112K [0x00000000eab00000, 0x00000000eb380000, 0x0000000100000000)
  eden space 5632K, 100% used [0x00000000eab00000,0x00000000eb080000,0x00000000eb080000)
  from space 512K, 93% used [0x00000000eb300000,0x00000000eb378020,0x00000000eb380000)
  to   space 512K, 0% used [0x00000000eb280000,0x00000000eb280000,0x00000000eb300000)
 ParOldGen       total 152576K, used 149316K [0x00000000c0000000, 0x00000000c9500000, 0x00000000eab00000)
  object space 152576K, 97% used [0x00000000c0000000,0x00000000c91d1238,0x00000000c9500000)
 Metaspace       used 109223K, committed 110656K, reserved 1179648K
  class space    used 10616K, committed 11264K, reserved 1048576K
}
Event: 4200.340 GC heap after
{Heap after GC invocations=14057 (full 246):
 PSYoungGen      total 6144K, used 496K [0x00000000eab00000, 0x00000000eb380000, 0x0000000100000000)
  eden space 5632K, 0% used [0x00000000eab00000,0x00000000eab00000,0x00000000eb080000)
  from space 512K, 96% used [0x00000000eb280000,0x00000000eb2fc030,0x00000000eb300000)
  to   space 512K, 0% used [0x00000000eb300000,0x00000000eb300000,0x00000000eb380000)
 ParOldGen       total 152576K, used 149697K [0x00000000c0000000, 0x00000000c9500000, 0x00000000eab00000)
  object space 152576K, 98% used [0x00000000c0000000,0x00000000c9230408,0x00000000c9500000)
 Metaspace       used 109223K, committed 110656K, reserved 1179648K
  class space    used 10616K, committed 11264K, reserved 1048576K
}
Event: 4204.300 GC heap before
{Heap before GC invocations=14058 (full 246):
 PSYoungGen      total 6144K, used 6128K [0x00000000eab00000, 0x00000000eb380000, 0x0000000100000000)
  eden space 5632K, 100% used [0x00000000eab00000,0x00000000eb080000,0x00000000eb080000)
  from space 512K, 96% used [0x00000000eb280000,0x00000000eb2fc030,0x00000000eb300000)
  to   space 512K, 0% used [0x00000000eb300000,0x00000000eb300000,0x00000000eb380000)
 ParOldGen       total 152576K, used 149697K [0x00000000c0000000, 0x00000000c9500000, 0x00000000eab00000)
  object space 152576K, 98% used [0x00000000c0000000,0x00000000c9230408,0x00000000c9500000)
 Metaspace       used 109223K, committed 110656K, reserved 1179648K
  class space    used 10616K, committed 11264K, reserved 1048576K
}
Event: 4204.300 GC heap after
{Heap after GC invocations=14058 (full 246):
 PSYoungGen      total 6144K, used 496K [0x00000000eab00000, 0x00000000eb380000, 0x0000000100000000)
  eden space 5632K, 0% used [0x00000000eab00000,0x00000000eab00000,0x00000000eb080000)
  from space 512K, 96% used [0x00000000eb300000,0x00000000eb37c030,0x00000000eb380000)
  to   space 1536K, 0% used [0x00000000eb080000,0x00000000eb080000,0x00000000eb200000)
 ParOldGen       total 152576K, used 150604K [0x00000000c0000000, 0x00000000c9500000, 0x00000000eab00000)
  object space 152576K, 98% used [0x00000000c0000000,0x00000000c93131b0,0x00000000c9500000)
 Metaspace       used 109223K, committed 110656K, reserved 1179648K
  class space    used 10616K, committed 11264K, reserved 1048576K
}
Event: 4204.311 GC heap before
{Heap before GC invocations=14059 (full 246):
 PSYoungGen      total 6144K, used 6128K [0x00000000eab00000, 0x00000000eb380000, 0x0000000100000000)
  eden space 5632K, 100% used [0x00000000eab00000,0x00000000eb080000,0x00000000eb080000)
  from space 512K, 96% used [0x00000000eb300000,0x00000000eb37c030,0x00000000eb380000)
  to   space 1536K, 0% used [0x00000000eb080000,0x00000000eb080000,0x00000000eb200000)
 ParOldGen       total 152576K, used 150604K [0x00000000c0000000, 0x00000000c9500000, 0x00000000eab00000)
  object space 152576K, 98% used [0x00000000c0000000,0x00000000c93131b0,0x00000000c9500000)
 Metaspace       used 109240K, committed 110656K, reserved 1179648K
  class space    used 10618K, committed 11264K, reserved 1048576K
}
Event: 4204.313 GC heap after
{Heap after GC invocations=14059 (full 246):
 PSYoungGen      total 7168K, used 768K [0x00000000eab00000, 0x00000000eb380000, 0x0000000100000000)
  eden space 5632K, 0% used [0x00000000eab00000,0x00000000eab00000,0x00000000eb080000)
  from space 1536K, 50% used [0x00000000eb080000,0x00000000eb140060,0x00000000eb200000)
  to   space 1024K, 0% used [0x00000000eb280000,0x00000000eb280000,0x00000000eb380000)
 ParOldGen       total 152576K, used 151137K [0x00000000c0000000, 0x00000000c9500000, 0x00000000eab00000)
  object space 152576K, 99% used [0x00000000c0000000,0x00000000c93984f8,0x00000000c9500000)
 Metaspace       used 109240K, committed 110656K, reserved 1179648K
  class space    used 10618K, committed 11264K, reserved 1048576K
}
Event: 4204.319 GC heap before
{Heap before GC invocations=14060 (full 246):
 PSYoungGen      total 7168K, used 6400K [0x00000000eab00000, 0x00000000eb380000, 0x0000000100000000)
  eden space 5632K, 100% used [0x00000000eab00000,0x00000000eb080000,0x00000000eb080000)
  from space 1536K, 50% used [0x00000000eb080000,0x00000000eb140060,0x00000000eb200000)
  to   space 1024K, 0% used [0x00000000eb280000,0x00000000eb280000,0x00000000eb380000)
 ParOldGen       total 152576K, used 151137K [0x00000000c0000000, 0x00000000c9500000, 0x00000000eab00000)
  object space 152576K, 99% used [0x00000000c0000000,0x00000000c93984f8,0x00000000c9500000)
 Metaspace       used 109240K, committed 110656K, reserved 1179648K
  class space    used 10618K, committed 11264K, reserved 1048576K
}
Event: 4204.322 GC heap after
{Heap after GC invocations=14060 (full 246):
 PSYoungGen      total 2560K, used 1003K [0x00000000eab00000, 0x00000000ebc80000, 0x0000000100000000)
  eden space 1536K, 0% used [0x00000000eab00000,0x00000000eab00000,0x00000000eac80000)
  from space 1024K, 97% used [0x00000000eb280000,0x00000000eb37acf0,0x00000000eb380000)
  to   space 6144K, 0% used [0x00000000eac80000,0x00000000eac80000,0x00000000eb280000)
 ParOldGen       total 155648K, used 155424K [0x00000000c0000000, 0x00000000c9800000, 0x00000000eab00000)
  object space 155648K, 99% used [0x00000000c0000000,0x00000000c97c83a0,0x00000000c9800000)
 Metaspace       used 109240K, committed 110656K, reserved 1179648K
  class space    used 10618K, committed 11264K, reserved 1048576K
}
Event: 4204.326 GC heap before
{Heap before GC invocations=14061 (full 247):
 PSYoungGen      total 2560K, used 2539K [0x00000000eab00000, 0x00000000ebc80000, 0x0000000100000000)
  eden space 1536K, 100% used [0x00000000eab00000,0x00000000eac80000,0x00000000eac80000)
  from space 1024K, 97% used [0x00000000eb280000,0x00000000eb37acf0,0x00000000eb380000)
  to   space 6144K, 0% used [0x00000000eac80000,0x00000000eac80000,0x00000000eb280000)
 ParOldGen       total 155648K, used 155424K [0x00000000c0000000, 0x00000000c9800000, 0x00000000eab00000)
  object space 155648K, 99% used [0x00000000c0000000,0x00000000c97c83a0,0x00000000c9800000)
 Metaspace       used 109240K, committed 110656K, reserved 1179648K
  class space    used 10618K, committed 11264K, reserved 1048576K
}

