# JRE version: OpenJDK Runtime Environment Temurin-17.0.13+11 (17.0.13+11) (build 17.0.13+11)
# Java VM: OpenJDK 64-Bit Server VM Temurin-17.0.13+11 (17.0.13+11, mixed mode, tiered, compressed oops, compressed class ptrs, parallel gc, windows-amd64)
GC Precious Log:
 CPUs: 16 total, 16 available
 Memory: 15791M
 Large Page Support: Disabled
 NUMA Support: Disabled
 Compressed Oops: Enabled (32-bit)
 Alignments: Space 512K, Generation 512K, Heap 2M
 Heap Min Capacity: 100M
 Heap Initial Capacity: 100M
 Heap Max Capacity: 1G
 Pre-touch: Disabled
 Parallel Workers: 13
Heap:
 PSYoungGen      total 3584K, used 2457K [0x00000000eab00000, 0x00000000eaf80000, 0x0000000100000000)
  eden space 2048K, 99% used [0x00000000eab00000,0x00000000eacfe4d8,0x00000000ead00000)
  from space 1536K, 27% used [0x00000000ead00000,0x00000000ead68000,0x00000000eae80000)
  to   space 1024K, 0% used [0x00000000eae80000,0x00000000eae80000,0x00000000eaf80000)
 ParOldGen       total 142336K, used 142080K [0x00000000c0000000, 0x00000000c8b00000, 0x00000000eab00000)
  object space 142336K, 99% used [0x00000000c0000000,0x00000000c8ac01e8,0x00000000c8b00000)
 Metaspace       used 107750K, committed 109184K, reserved 1179648K
  class space    used 10543K, committed 11200K, reserved 1048576K
GC Heap History (20 events):
Event: 4059.391 GC heap after
{Heap after GC invocations=8854 (full 163):
 PSYoungGen      total 2048K, used 672K [0x00000000eab00000, 0x00000000eae80000, 0x0000000100000000)
  eden space 1024K, 0% used [0x00000000eab00000,0x00000000eab00000,0x00000000eac00000)
  from space 1024K, 65% used [0x00000000ead80000,0x00000000eae28000,0x00000000eae80000)
  to   space 1024K, 0% used [0x00000000eac80000,0x00000000eac80000,0x00000000ead80000)
 ParOldGen       total 142336K, used 133289K [0x00000000c0000000, 0x00000000c8b00000, 0x00000000eab00000)
  object space 142336K, 93% used [0x00000000c0000000,0x00000000c822a580,0x00000000c8b00000)
 Metaspace       used 107739K, committed 109120K, reserved 1179648K
  class space    used 10543K, committed 11200K, reserved 1048576K
}
Event: 4059.393 GC heap before
{Heap before GC invocations=8855 (full 163):
 PSYoungGen      total 2048K, used 1696K [0x00000000eab00000, 0x00000000eae80000, 0x0000000100000000)
  eden space 1024K, 100% used [0x00000000eab00000,0x00000000eac00000,0x00000000eac00000)
  from space 1024K, 65% used [0x00000000ead80000,0x00000000eae28000,0x00000000eae80000)
  to   space 1024K, 0% used [0x00000000eac80000,0x00000000eac80000,0x00000000ead80000)
 ParOldGen       total 142336K, used 133289K [0x00000000c0000000, 0x00000000c8b00000, 0x00000000eab00000)
  object space 142336K, 93% used [0x00000000c0000000,0x00000000c822a580,0x00000000c8b00000)
 Metaspace       used 107739K, committed 109120K, reserved 1179648K
  class space    used 10543K, committed 11200K, reserved 1048576K
}
Event: 4059.394 GC heap after
{Heap after GC invocations=8855 (full 163):
 PSYoungGen      total 2560K, used 1024K [0x00000000eab00000, 0x00000000eb080000, 0x0000000100000000)
  eden space 1536K, 0% used [0x00000000eab00000,0x00000000eab00000,0x00000000eac80000)
  from space 1024K, 100% used [0x00000000eac80000,0x00000000ead80000,0x00000000ead80000)
  to   space 2048K, 0% used [0x00000000eae80000,0x00000000eae80000,0x00000000eb080000)
 ParOldGen       total 142336K, used 133857K [0x00000000c0000000, 0x00000000c8b00000, 0x00000000eab00000)
  object space 142336K, 94% used [0x00000000c0000000,0x00000000c82b8580,0x00000000c8b00000)
 Metaspace       used 107739K, committed 109120K, reserved 1179648K
  class space    used 10543K, committed 11200K, reserved 1048576K
}
Event: 4059.396 GC heap before
{Heap before GC invocations=8856 (full 163):
 PSYoungGen      total 2560K, used 2552K [0x00000000eab00000, 0x00000000eb080000, 0x0000000100000000)
  eden space 1536K, 99% used [0x00000000eab00000,0x00000000eac7e3b8,0x00000000eac80000)
  from space 1024K, 100% used [0x00000000eac80000,0x00000000ead80000,0x00000000ead80000)
  to   space 2048K, 0% used [0x00000000eae80000,0x00000000eae80000,0x00000000eb080000)
 ParOldGen       total 142336K, used 133857K [0x00000000c0000000, 0x00000000c8b00000, 0x00000000eab00000)
  object space 142336K, 94% used [0x00000000c0000000,0x00000000c82b8580,0x00000000c8b00000)
 Metaspace       used 107739K, committed 109120K, reserved 1179648K
  class space    used 10543K, committed 11200K, reserved 1048576K
}
Event: 4059.398 GC heap after
{Heap after GC invocations=8856 (full 163):
 PSYoungGen      total 3584K, used 1696K [0x00000000eab00000, 0x00000000eb100000, 0x0000000100000000)
  eden space 1536K, 0% used [0x00000000eab00000,0x00000000eab00000,0x00000000eac80000)
  from space 2048K, 82% used [0x00000000eae80000,0x00000000eb028000,0x00000000eb080000)
  to   space 2048K, 0% used [0x00000000eac80000,0x00000000eac80000,0x00000000eae80000)
 ParOldGen       total 142336K, used 134857K [0x00000000c0000000, 0x00000000c8b00000, 0x00000000eab00000)
  object space 142336K, 94% used [0x00000000c0000000,0x00000000c83b2580,0x00000000c8b00000)
 Metaspace       used 107739K, committed 109120K, reserved 1179648K
  class space    used 10543K, committed 11200K, reserved 1048576K
}
Event: 4059.404 GC heap before
{Heap before GC invocations=8857 (full 163):
 PSYoungGen      total 3584K, used 3232K [0x00000000eab00000, 0x00000000eb100000, 0x0000000100000000)
  eden space 1536K, 100% used [0x00000000eab00000,0x00000000eac80000,0x00000000eac80000)
  from space 2048K, 82% used [0x00000000eae80000,0x00000000eb028000,0x00000000eb080000)
  to   space 2048K, 0% used [0x00000000eac80000,0x00000000eac80000,0x00000000eae80000)
 ParOldGen       total 142336K, used 134857K [0x00000000c0000000, 0x00000000c8b00000, 0x00000000eab00000)
  object space 142336K, 94% used [0x00000000c0000000,0x00000000c83b2580,0x00000000c8b00000)
 Metaspace       used 107739K, committed 109120K, reserved 1179648K
  class space    used 10543K, committed 11200K, reserved 1048576K
}
Event: 4059.406 GC heap after
{Heap after GC invocations=8857 (full 163):
 PSYoungGen      total 3584K, used 1336K [0x00000000eab00000, 0x00000000eb000000, 0x0000000100000000)
  eden space 1536K, 0% used [0x00000000eab00000,0x00000000eab00000,0x00000000eac80000)
  from space 2048K, 65% used [0x00000000eac80000,0x00000000eadce000,0x00000000eae80000)
  to   space 1536K, 0% used [0x00000000eae80000,0x00000000eae80000,0x00000000eb000000)
 ParOldGen       total 142336K, used 136369K [0x00000000c0000000, 0x00000000c8b00000, 0x00000000eab00000)
  object space 142336K, 95% used [0x00000000c0000000,0x00000000c852c580,0x00000000c8b00000)
 Metaspace       used 107739K, committed 109120K, reserved 1179648K
  class space    used 10543K, committed 11200K, reserved 1048576K
}
Event: 4059.421 GC heap before
{Heap before GC invocations=8858 (full 163):
 PSYoungGen      total 3584K, used 2872K [0x00000000eab00000, 0x00000000eb000000, 0x0000000100000000)
  eden space 1536K, 100% used [0x00000000eab00000,0x00000000eac80000,0x00000000eac80000)
  from space 2048K, 65% used [0x00000000eac80000,0x00000000eadce000,0x00000000eae80000)
  to   space 1536K, 0% used [0x00000000eae80000,0x00000000eae80000,0x00000000eb000000)
 ParOldGen       total 142336K, used 136369K [0x00000000c0000000, 0x00000000c8b00000, 0x00000000eab00000)
  object space 142336K, 95% used [0x00000000c0000000,0x00000000c852c580,0x00000000c8b00000)
 Metaspace       used 107739K, committed 109120K, reserved 1179648K
  class space    used 10543K, committed 11200K, reserved 1048576K
}
Event: 4059.423 GC heap after
{Heap after GC invocations=8858 (full 163):
 PSYoungGen      total 2048K, used 1518K [0x00000000eab00000, 0x00000000eb300000, 0x0000000100000000)
  eden space 512K, 0% used [0x00000000eab00000,0x00000000eab00000,0x00000000eab80000)
  from space 1536K, 98% used [0x00000000eae80000,0x00000000eaffbab0,0x00000000eb000000)
  to   space 3072K, 0% used [0x00000000eab80000,0x00000000eab80000,0x00000000eae80000)
 ParOldGen       total 142336K, used 137513K [0x00000000c0000000, 0x00000000c8b00000, 0x00000000eab00000)
  object space 142336K, 96% used [0x00000000c0000000,0x00000000c864a580,0x00000000c8b00000)
 Metaspace       used 107739K, committed 109120K, reserved 1179648K
  class space    used 10543K, committed 11200K, reserved 1048576K
}
Event: 4059.424 GC heap before
{Heap before GC invocations=8859 (full 163):
 PSYoungGen      total 2048K, used 2030K [0x00000000eab00000, 0x00000000eb300000, 0x0000000100000000)
  eden space 512K, 100% used [0x00000000eab00000,0x00000000eab80000,0x00000000eab80000)
  from space 1536K, 98% used [0x00000000eae80000,0x00000000eaffbab0,0x00000000eb000000)
  to   space 3072K, 0% used [0x00000000eab80000,0x00000000eab80000,0x00000000eae80000)
 ParOldGen       total 142336K, used 137513K [0x00000000c0000000, 0x00000000c8b00000, 0x00000000eab00000)
  object space 142336K, 96% used [0x00000000c0000000,0x00000000c864a580,0x00000000c8b00000)
 Metaspace       used 107739K, committed 109120K, reserved 1179648K
  class space    used 10543K, committed 11200K, reserved 1048576K
}
Event: 4059.425 GC heap after
{Heap after GC invocations=8859 (full 163):
 PSYoungGen      total 1536K, used 768K [0x00000000eab00000, 0x00000000eaf00000, 0x0000000100000000)
  eden space 512K, 0% used [0x00000000eab00000,0x00000000eab00000,0x00000000eab80000)
  from space 1024K, 75% used [0x00000000eab80000,0x00000000eac40000,0x00000000eac80000)
  to   space 1536K, 0% used [0x00000000ead80000,0x00000000ead80000,0x00000000eaf00000)
 ParOldGen       total 142336K, used 139040K [0x00000000c0000000, 0x00000000c8b00000, 0x00000000eab00000)
  object space 142336K, 97% used [0x00000000c0000000,0x00000000c87c8030,0x00000000c8b00000)
 Metaspace       used 107739K, committed 109120K, reserved 1179648K
  class space    used 10543K, committed 11200K, reserved 1048576K
}
Event: 4059.426 GC heap before
{Heap before GC invocations=8860 (full 163):
 PSYoungGen      total 1536K, used 1280K [0x00000000eab00000, 0x00000000eaf00000, 0x0000000100000000)
  eden space 512K, 100% used [0x00000000eab00000,0x00000000eab80000,0x00000000eab80000)
  from space 1024K, 75% used [0x00000000eab80000,0x00000000eac40000,0x00000000eac80000)
  to   space 1536K, 0% used [0x00000000ead80000,0x00000000ead80000,0x00000000eaf00000)
 ParOldGen       total 142336K, used 139040K [0x00000000c0000000, 0x00000000c8b00000, 0x00000000eab00000)
  object space 142336K, 97% used [0x00000000c0000000,0x00000000c87c8030,0x00000000c8b00000)
 Metaspace       used 107739K, committed 109120K, reserved 1179648K
  class space    used 10543K, committed 11200K, reserved 1048576K
}
Event: 4059.427 GC heap after
{Heap after GC invocations=8860 (full 163):
 PSYoungGen      total 2048K, used 640K [0x00000000eab00000, 0x00000000eae80000, 0x0000000100000000)
  eden space 1024K, 0% used [0x00000000eab00000,0x00000000eab00000,0x00000000eac00000)
  from space 1024K, 62% used [0x00000000ead80000,0x00000000eae20000,0x00000000eae80000)
  to   space 1024K, 0% used [0x00000000eac80000,0x00000000eac80000,0x00000000ead80000)
 ParOldGen       total 142336K, used 139576K [0x00000000c0000000, 0x00000000c8b00000, 0x00000000eab00000)
  object space 142336K, 98% used [0x00000000c0000000,0x00000000c884e030,0x00000000c8b00000)
 Metaspace       used 107739K, committed 109120K, reserved 1179648K
  class space    used 10543K, committed 11200K, reserved 1048576K
}
Event: 4059.429 GC heap before
{Heap before GC invocations=8861 (full 163):
 PSYoungGen      total 2048K, used 1664K [0x00000000eab00000, 0x00000000eae80000, 0x0000000100000000)
  eden space 1024K, 100% used [0x00000000eab00000,0x00000000eac00000,0x00000000eac00000)
  from space 1024K, 62% used [0x00000000ead80000,0x00000000eae20000,0x00000000eae80000)
  to   space 1024K, 0% used [0x00000000eac80000,0x00000000eac80000,0x00000000ead80000)
 ParOldGen       total 142336K, used 139576K [0x00000000c0000000, 0x00000000c8b00000, 0x00000000eab00000)
  object space 142336K, 98% used [0x00000000c0000000,0x00000000c884e030,0x00000000c8b00000)
 Metaspace       used 107739K, committed 109120K, reserved 1179648K
  class space    used 10543K, committed 11200K, reserved 1048576K
}
Event: 4059.431 GC heap after
{Heap after GC invocations=8861 (full 163):
 PSYoungGen      total 2560K, used 1024K [0x00000000eab00000, 0x00000000eb080000, 0x0000000100000000)
  eden space 1536K, 0% used [0x00000000eab00000,0x00000000eab00000,0x00000000eac80000)
  from space 1024K, 100% used [0x00000000eac80000,0x00000000ead80000,0x00000000ead80000)
  to   space 2048K, 0% used [0x00000000eae80000,0x00000000eae80000,0x00000000eb080000)
 ParOldGen       total 142336K, used 140176K [0x00000000c0000000, 0x00000000c8b00000, 0x00000000eab00000)
  object space 142336K, 98% used [0x00000000c0000000,0x00000000c88e4030,0x00000000c8b00000)
 Metaspace       used 107739K, committed 109120K, reserved 1179648K
  class space    used 10543K, committed 11200K, reserved 1048576K
}
Event: 4059.468 GC heap before
{Heap before GC invocations=8862 (full 163):
 PSYoungGen      total 2560K, used 2552K [0x00000000eab00000, 0x00000000eb080000, 0x0000000100000000)
  eden space 1536K, 99% used [0x00000000eab00000,0x00000000eac7e1e0,0x00000000eac80000)
  from space 1024K, 100% used [0x00000000eac80000,0x00000000ead80000,0x00000000ead80000)
  to   space 2048K, 0% used [0x00000000eae80000,0x00000000eae80000,0x00000000eb080000)
 ParOldGen       total 142336K, used 140176K [0x00000000c0000000, 0x00000000c8b00000, 0x00000000eab00000)
  object space 142336K, 98% used [0x00000000c0000000,0x00000000c88e4030,0x00000000c8b00000)
 Metaspace       used 107750K, committed 109184K, reserved 1179648K
  class space    used 10543K, committed 11200K, reserved 1048576K
}
Event: 4059.470 GC heap after
{Heap after GC invocations=8862 (full 163):
 PSYoungGen      total 3584K, used 1168K [0x00000000eab00000, 0x00000000eb000000, 0x0000000100000000)
  eden space 2048K, 0% used [0x00000000eab00000,0x00000000eab00000,0x00000000ead00000)
  from space 1536K, 76% used [0x00000000eae80000,0x00000000eafa4000,0x00000000eb000000)
  to   space 1536K, 0% used [0x00000000ead00000,0x00000000ead00000,0x00000000eae80000)
 ParOldGen       total 142336K, used 141128K [0x00000000c0000000, 0x00000000c8b00000, 0x00000000eab00000)
  object space 142336K, 99% used [0x00000000c0000000,0x00000000c89d2030,0x00000000c8b00000)
 Metaspace       used 107750K, committed 109184K, reserved 1179648K
  class space    used 10543K, committed 11200K, reserved 1048576K
}
Event: 4059.480 GC heap before
{Heap before GC invocations=8863 (full 163):
 PSYoungGen      total 3584K, used 3215K [0x00000000eab00000, 0x00000000eb000000, 0x0000000100000000)
  eden space 2048K, 99% used [0x00000000eab00000,0x00000000eacffff0,0x00000000ead00000)
  from space 1536K, 76% used [0x00000000eae80000,0x00000000eafa4000,0x00000000eb000000)
  to   space 1536K, 0% used [0x00000000ead00000,0x00000000ead00000,0x00000000eae80000)
 ParOldGen       total 142336K, used 141128K [0x00000000c0000000, 0x00000000c8b00000, 0x00000000eab00000)
  object space 142336K, 99% used [0x00000000c0000000,0x00000000c89d2030,0x00000000c8b00000)
 Metaspace       used 107750K, committed 109184K, reserved 1179648K
  class space    used 10543K, committed 11200K, reserved 1048576K
}
Event: 4059.481 GC heap after
{Heap after GC invocations=8863 (full 163):
 PSYoungGen      total 3584K, used 416K [0x00000000eab00000, 0x00000000eaf80000, 0x0000000100000000)
  eden space 2048K, 0% used [0x00000000eab00000,0x00000000eab00000,0x00000000ead00000)
  from space 1536K, 27% used [0x00000000ead00000,0x00000000ead68000,0x00000000eae80000)
  to   space 1024K, 0% used [0x00000000eae80000,0x00000000eae80000,0x00000000eaf80000)
 ParOldGen       total 142336K, used 142080K [0x00000000c0000000, 0x00000000c8b00000, 0x00000000eab00000)
  object space 142336K, 99% used [0x00000000c0000000,0x00000000c8ac01e8,0x00000000c8b00000)
 Metaspace       used 107750K, committed 109184K, reserved 1179648K
  class space    used 10543K, committed 11200K, reserved 1048576K
}
Event: 4059.519 GC heap before
{Heap before GC invocations=8864 (full 164):
 PSYoungGen      total 3584K, used 2457K [0x00000000eab00000, 0x00000000eaf80000, 0x0000000100000000)
  eden space 2048K, 99% used [0x00000000eab00000,0x00000000eacfe4d8,0x00000000ead00000)
  from space 1536K, 27% used [0x00000000ead00000,0x00000000ead68000,0x00000000eae80000)
  to   space 1024K, 0% used [0x00000000eae80000,0x00000000eae80000,0x00000000eaf80000)
 ParOldGen       total 142336K, used 142080K [0x00000000c0000000, 0x00000000c8b00000, 0x00000000eab00000)
  object space 142336K, 99% used [0x00000000c0000000,0x00000000c8ac01e8,0x00000000c8b00000)
 Metaspace       used 107750K, committed 109184K, reserved 1179648K
  class space    used 10543K, committed 11200K, reserved 1048576K
}

