# JRE version: OpenJDK Runtime Environment Temurin-17.0.13+11 (17.0.13+11) (build 17.0.13+11)
# Java VM: OpenJDK 64-Bit Server VM Temurin-17.0.13+11 (17.0.13+11, mixed mode, tiered, compressed oops, compressed class ptrs, parallel gc, windows-amd64)
GC Precious Log:
 CPUs: 16 total, 16 available
 Memory: 15791M
 Large Page Support: Disabled
 NUMA Support: Disabled
 Compressed Oops: Enabled (32-bit)
 Alignments: Space 512K, Generation 512K, Heap 2M
 Heap Min Capacity: 100M
 Heap Initial Capacity: 100M
 Heap Max Capacity: 1G
 Pre-touch: Disabled
 Parallel Workers: 13
Heap:
 PSYoungGen      total 5120K, used 4673K [0x00000000eab00000, 0x00000000eb380000, 0x0000000100000000)
  eden space 3584K, 100% used [0x00000000eab00000,0x00000000eae80000,0x00000000eae80000)
  from space 1536K, 70% used [0x00000000eae80000,0x00000000eaf907c8,0x00000000eb000000)
  to   space 2048K, 0% used [0x00000000eb180000,0x00000000eb180000,0x00000000eb380000)
 ParOldGen       total 174080K, used 173722K [0x00000000c0000000, 0x00000000caa00000, 0x00000000eab00000)
  object space 174080K, 99% used [0x00000000c0000000,0x00000000ca9a6b30,0x00000000caa00000)
 Metaspace       used 109402K, committed 110784K, reserved 1179648K
  class space    used 10612K, committed 11264K, reserved 1048576K
GC Heap History (20 events):
Event: 3757.462 GC heap after
{Heap after GC invocations=16851 (full 357):
 PSYoungGen      total 4096K, used 1496K [0x00000000eab00000, 0x00000000eb180000, 0x0000000100000000)
  eden space 2560K, 0% used [0x00000000eab00000,0x00000000eab00000,0x00000000ead80000)
  from space 1536K, 97% used [0x00000000eb000000,0x00000000eb176020,0x00000000eb180000)
  to   space 2048K, 0% used [0x00000000ead80000,0x00000000ead80000,0x00000000eaf80000)
 ParOldGen       total 173568K, used 160204K [0x00000000c0000000, 0x00000000ca980000, 0x00000000eab00000)
  object space 173568K, 92% used [0x00000000c0000000,0x00000000c9c73360,0x00000000ca980000)
 Metaspace       used 109401K, committed 110784K, reserved 1179648K
  class space    used 10612K, committed 11264K, reserved 1048576K
}
Event: 3757.480 GC heap before
{Heap before GC invocations=16852 (full 357):
 PSYoungGen      total 4096K, used 4056K [0x00000000eab00000, 0x00000000eb180000, 0x0000000100000000)
  eden space 2560K, 100% used [0x00000000eab00000,0x00000000ead80000,0x00000000ead80000)
  from space 1536K, 97% used [0x00000000eb000000,0x00000000eb176020,0x00000000eb180000)
  to   space 2048K, 0% used [0x00000000ead80000,0x00000000ead80000,0x00000000eaf80000)
 ParOldGen       total 173568K, used 160204K [0x00000000c0000000, 0x00000000ca980000, 0x00000000eab00000)
  object space 173568K, 92% used [0x00000000c0000000,0x00000000c9c73360,0x00000000ca980000)
 Metaspace       used 109401K, committed 110784K, reserved 1179648K
  class space    used 10612K, committed 11264K, reserved 1048576K
}
Event: 3757.482 GC heap after
{Heap after GC invocations=16852 (full 357):
 PSYoungGen      total 4608K, used 2030K [0x00000000eab00000, 0x00000000eb380000, 0x0000000100000000)
  eden space 2560K, 0% used [0x00000000eab00000,0x00000000eab00000,0x00000000ead80000)
  from space 2048K, 99% used [0x00000000ead80000,0x00000000eaf7bab0,0x00000000eaf80000)
  to   space 3072K, 0% used [0x00000000eb080000,0x00000000eb080000,0x00000000eb380000)
 ParOldGen       total 173568K, used 161000K [0x00000000c0000000, 0x00000000ca980000, 0x00000000eab00000)
  object space 173568K, 92% used [0x00000000c0000000,0x00000000c9d3a360,0x00000000ca980000)
 Metaspace       used 109401K, committed 110784K, reserved 1179648K
  class space    used 10612K, committed 11264K, reserved 1048576K
}
Event: 3757.491 GC heap before
{Heap before GC invocations=16853 (full 357):
 PSYoungGen      total 4608K, used 4590K [0x00000000eab00000, 0x00000000eb380000, 0x0000000100000000)
  eden space 2560K, 100% used [0x00000000eab00000,0x00000000ead80000,0x00000000ead80000)
  from space 2048K, 99% used [0x00000000ead80000,0x00000000eaf7bab0,0x00000000eaf80000)
  to   space 3072K, 0% used [0x00000000eb080000,0x00000000eb080000,0x00000000eb380000)
 ParOldGen       total 173568K, used 161000K [0x00000000c0000000, 0x00000000ca980000, 0x00000000eab00000)
  object space 173568K, 92% used [0x00000000c0000000,0x00000000c9d3a360,0x00000000ca980000)
 Metaspace       used 109401K, committed 110784K, reserved 1179648K
  class space    used 10612K, committed 11264K, reserved 1048576K
}
Event: 3757.493 GC heap after
{Heap after GC invocations=16853 (full 357):
 PSYoungGen      total 5632K, used 2496K [0x00000000eab00000, 0x00000000eb380000, 0x0000000100000000)
  eden space 2560K, 0% used [0x00000000eab00000,0x00000000eab00000,0x00000000ead80000)
  from space 3072K, 81% used [0x00000000eb080000,0x00000000eb2f0020,0x00000000eb380000)
  to   space 3072K, 0% used [0x00000000ead80000,0x00000000ead80000,0x00000000eb080000)
 ParOldGen       total 173568K, used 163079K [0x00000000c0000000, 0x00000000ca980000, 0x00000000eab00000)
  object space 173568K, 93% used [0x00000000c0000000,0x00000000c9f41e10,0x00000000ca980000)
 Metaspace       used 109401K, committed 110784K, reserved 1179648K
  class space    used 10612K, committed 11264K, reserved 1048576K
}
Event: 3757.539 GC heap before
{Heap before GC invocations=16854 (full 357):
 PSYoungGen      total 5632K, used 5056K [0x00000000eab00000, 0x00000000eb380000, 0x0000000100000000)
  eden space 2560K, 99% used [0x00000000eab00000,0x00000000ead7fff0,0x00000000ead80000)
  from space 3072K, 81% used [0x00000000eb080000,0x00000000eb2f0020,0x00000000eb380000)
  to   space 3072K, 0% used [0x00000000ead80000,0x00000000ead80000,0x00000000eb080000)
 ParOldGen       total 173568K, used 163079K [0x00000000c0000000, 0x00000000ca980000, 0x00000000eab00000)
  object space 173568K, 93% used [0x00000000c0000000,0x00000000c9f41e10,0x00000000ca980000)
 Metaspace       used 109401K, committed 110784K, reserved 1179648K
  class space    used 10612K, committed 11264K, reserved 1048576K
}
Event: 3757.541 GC heap after
{Heap after GC invocations=16854 (full 357):
 PSYoungGen      total 3584K, used 832K [0x00000000eab00000, 0x00000000eb100000, 0x0000000100000000)
  eden space 2560K, 0% used [0x00000000eab00000,0x00000000eab00000,0x00000000ead80000)
  from space 1024K, 81% used [0x00000000ead80000,0x00000000eae50000,0x00000000eae80000)
  to   space 1536K, 0% used [0x00000000eaf80000,0x00000000eaf80000,0x00000000eb100000)
 ParOldGen       total 173568K, used 164863K [0x00000000c0000000, 0x00000000ca980000, 0x00000000eab00000)
  object space 173568K, 94% used [0x00000000c0000000,0x00000000ca0ffe10,0x00000000ca980000)
 Metaspace       used 109401K, committed 110784K, reserved 1179648K
  class space    used 10612K, committed 11264K, reserved 1048576K
}
Event: 3757.556 GC heap before
{Heap before GC invocations=16855 (full 357):
 PSYoungGen      total 3584K, used 3392K [0x00000000eab00000, 0x00000000eb100000, 0x0000000100000000)
  eden space 2560K, 100% used [0x00000000eab00000,0x00000000ead80000,0x00000000ead80000)
  from space 1024K, 81% used [0x00000000ead80000,0x00000000eae50000,0x00000000eae80000)
  to   space 1536K, 0% used [0x00000000eaf80000,0x00000000eaf80000,0x00000000eb100000)
 ParOldGen       total 173568K, used 164863K [0x00000000c0000000, 0x00000000ca980000, 0x00000000eab00000)
  object space 173568K, 94% used [0x00000000c0000000,0x00000000ca0ffe10,0x00000000ca980000)
 Metaspace       used 109401K, committed 110784K, reserved 1179648K
  class space    used 10612K, committed 11264K, reserved 1048576K
}
Event: 3757.556 GC heap after
{Heap after GC invocations=16855 (full 357):
 PSYoungGen      total 3072K, used 480K [0x00000000eab00000, 0x00000000eb000000, 0x0000000100000000)
  eden space 2560K, 0% used [0x00000000eab00000,0x00000000eab00000,0x00000000ead80000)
  from space 512K, 93% used [0x00000000eaf80000,0x00000000eaff8020,0x00000000eb000000)
  to   space 1024K, 0% used [0x00000000eae00000,0x00000000eae00000,0x00000000eaf00000)
 ParOldGen       total 173568K, used 165032K [0x00000000c0000000, 0x00000000ca980000, 0x00000000eab00000)
  object space 173568K, 95% used [0x00000000c0000000,0x00000000ca12a2b0,0x00000000ca980000)
 Metaspace       used 109401K, committed 110784K, reserved 1179648K
  class space    used 10612K, committed 11264K, reserved 1048576K
}
Event: 3757.560 GC heap before
{Heap before GC invocations=16856 (full 357):
 PSYoungGen      total 3072K, used 3040K [0x00000000eab00000, 0x00000000eb000000, 0x0000000100000000)
  eden space 2560K, 100% used [0x00000000eab00000,0x00000000ead80000,0x00000000ead80000)
  from space 512K, 93% used [0x00000000eaf80000,0x00000000eaff8020,0x00000000eb000000)
  to   space 1024K, 0% used [0x00000000eae00000,0x00000000eae00000,0x00000000eaf00000)
 ParOldGen       total 173568K, used 165032K [0x00000000c0000000, 0x00000000ca980000, 0x00000000eab00000)
  object space 173568K, 95% used [0x00000000c0000000,0x00000000ca12a2b0,0x00000000ca980000)
 Metaspace       used 109401K, committed 110784K, reserved 1179648K
  class space    used 10612K, committed 11264K, reserved 1048576K
}
Event: 3757.562 GC heap after
{Heap after GC invocations=16856 (full 357):
 PSYoungGen      total 3584K, used 1021K [0x00000000eab00000, 0x00000000eb380000, 0x0000000100000000)
  eden space 2560K, 0% used [0x00000000eab00000,0x00000000eab00000,0x00000000ead80000)
  from space 1024K, 99% used [0x00000000eae00000,0x00000000eaeff440,0x00000000eaf00000)
  to   space 3072K, 0% used [0x00000000eb080000,0x00000000eb080000,0x00000000eb380000)
 ParOldGen       total 173568K, used 166611K [0x00000000c0000000, 0x00000000ca980000, 0x00000000eab00000)
  object space 173568K, 95% used [0x00000000c0000000,0x00000000ca2b4f60,0x00000000ca980000)
 Metaspace       used 109401K, committed 110784K, reserved 1179648K
  class space    used 10612K, committed 11264K, reserved 1048576K
}
Event: 3757.566 GC heap before
{Heap before GC invocations=16857 (full 357):
 PSYoungGen      total 3584K, used 3581K [0x00000000eab00000, 0x00000000eb380000, 0x0000000100000000)
  eden space 2560K, 99% used [0x00000000eab00000,0x00000000ead7fff0,0x00000000ead80000)
  from space 1024K, 99% used [0x00000000eae00000,0x00000000eaeff440,0x00000000eaf00000)
  to   space 3072K, 0% used [0x00000000eb080000,0x00000000eb080000,0x00000000eb380000)
 ParOldGen       total 173568K, used 166611K [0x00000000c0000000, 0x00000000ca980000, 0x00000000eab00000)
  object space 173568K, 95% used [0x00000000c0000000,0x00000000ca2b4f60,0x00000000ca980000)
 Metaspace       used 109401K, committed 110784K, reserved 1179648K
  class space    used 10612K, committed 11264K, reserved 1048576K
}
Event: 3757.567 GC heap after
{Heap after GC invocations=16857 (full 357):
 PSYoungGen      total 4096K, used 1453K [0x00000000eab00000, 0x00000000eb200000, 0x0000000100000000)
  eden space 2560K, 0% used [0x00000000eab00000,0x00000000eab00000,0x00000000ead80000)
  from space 1536K, 94% used [0x00000000eb080000,0x00000000eb1eb730,0x00000000eb200000)
  to   space 2048K, 0% used [0x00000000eae00000,0x00000000eae00000,0x00000000eb000000)
 ParOldGen       total 173568K, used 166885K [0x00000000c0000000, 0x00000000ca980000, 0x00000000eab00000)
  object space 173568K, 96% used [0x00000000c0000000,0x00000000ca2f9400,0x00000000ca980000)
 Metaspace       used 109401K, committed 110784K, reserved 1179648K
  class space    used 10612K, committed 11264K, reserved 1048576K
}
Event: 3757.570 GC heap before
{Heap before GC invocations=16858 (full 357):
 PSYoungGen      total 4096K, used 4013K [0x00000000eab00000, 0x00000000eb200000, 0x0000000100000000)
  eden space 2560K, 100% used [0x00000000eab00000,0x00000000ead80000,0x00000000ead80000)
  from space 1536K, 94% used [0x00000000eb080000,0x00000000eb1eb730,0x00000000eb200000)
  to   space 2048K, 0% used [0x00000000eae00000,0x00000000eae00000,0x00000000eb000000)
 ParOldGen       total 173568K, used 166885K [0x00000000c0000000, 0x00000000ca980000, 0x00000000eab00000)
  object space 173568K, 96% used [0x00000000c0000000,0x00000000ca2f9400,0x00000000ca980000)
 Metaspace       used 109401K, committed 110784K, reserved 1179648K
  class space    used 10612K, committed 11264K, reserved 1048576K
}
Event: 3757.571 GC heap after
{Heap after GC invocations=16858 (full 357):
 PSYoungGen      total 5120K, used 2048K [0x00000000eab00000, 0x00000000eb600000, 0x0000000100000000)
  eden space 3072K, 0% used [0x00000000eab00000,0x00000000eab00000,0x00000000eae00000)
  from space 2048K, 100% used [0x00000000eae00000,0x00000000eb000000,0x00000000eb000000)
  to   space 4096K, 0% used [0x00000000eb200000,0x00000000eb200000,0x00000000eb600000)
 ParOldGen       total 173568K, used 168522K [0x00000000c0000000, 0x00000000ca980000, 0x00000000eab00000)
  object space 173568K, 97% used [0x00000000c0000000,0x00000000ca492b30,0x00000000ca980000)
 Metaspace       used 109401K, committed 110784K, reserved 1179648K
  class space    used 10612K, committed 11264K, reserved 1048576K
}
Event: 3757.574 GC heap before
{Heap before GC invocations=16859 (full 357):
 PSYoungGen      total 5120K, used 5120K [0x00000000eab00000, 0x00000000eb600000, 0x0000000100000000)
  eden space 3072K, 100% used [0x00000000eab00000,0x00000000eae00000,0x00000000eae00000)
  from space 2048K, 100% used [0x00000000eae00000,0x00000000eb000000,0x00000000eb000000)
  to   space 4096K, 0% used [0x00000000eb200000,0x00000000eb200000,0x00000000eb600000)
 ParOldGen       total 173568K, used 168522K [0x00000000c0000000, 0x00000000ca980000, 0x00000000eab00000)
  object space 173568K, 97% used [0x00000000c0000000,0x00000000ca492b30,0x00000000ca980000)
 Metaspace       used 109401K, committed 110784K, reserved 1179648K
  class space    used 10612K, committed 11264K, reserved 1048576K
}
Event: 3757.576 GC heap after
{Heap after GC invocations=16859 (full 357):
 PSYoungGen      total 7680K, used 3136K [0x00000000eab00000, 0x00000000eb600000, 0x0000000100000000)
  eden space 3584K, 0% used [0x00000000eab00000,0x00000000eab00000,0x00000000eae80000)
  from space 4096K, 76% used [0x00000000eb200000,0x00000000eb510000,0x00000000eb600000)
  to   space 3584K, 0% used [0x00000000eae80000,0x00000000eae80000,0x00000000eb200000)
 ParOldGen       total 173568K, used 170650K [0x00000000c0000000, 0x00000000ca980000, 0x00000000eab00000)
  object space 173568K, 98% used [0x00000000c0000000,0x00000000ca6a6b30,0x00000000ca980000)
 Metaspace       used 109401K, committed 110784K, reserved 1179648K
  class space    used 10612K, committed 11264K, reserved 1048576K
}
Event: 3757.633 GC heap before
{Heap before GC invocations=16860 (full 357):
 PSYoungGen      total 7680K, used 6720K [0x00000000eab00000, 0x00000000eb600000, 0x0000000100000000)
  eden space 3584K, 100% used [0x00000000eab00000,0x00000000eae80000,0x00000000eae80000)
  from space 4096K, 76% used [0x00000000eb200000,0x00000000eb510000,0x00000000eb600000)
  to   space 3584K, 0% used [0x00000000eae80000,0x00000000eae80000,0x00000000eb200000)
 ParOldGen       total 173568K, used 170650K [0x00000000c0000000, 0x00000000ca980000, 0x00000000eab00000)
  object space 173568K, 98% used [0x00000000c0000000,0x00000000ca6a6b30,0x00000000ca980000)
 Metaspace       used 109401K, committed 110784K, reserved 1179648K
  class space    used 10612K, committed 11264K, reserved 1048576K
}
Event: 3757.635 GC heap after
{Heap after GC invocations=16860 (full 357):
 PSYoungGen      total 5120K, used 1089K [0x00000000eab00000, 0x00000000eb380000, 0x0000000100000000)
  eden space 3584K, 0% used [0x00000000eab00000,0x00000000eab00000,0x00000000eae80000)
  from space 1536K, 70% used [0x00000000eae80000,0x00000000eaf907c8,0x00000000eb000000)
  to   space 2048K, 0% used [0x00000000eb180000,0x00000000eb180000,0x00000000eb380000)
 ParOldGen       total 174080K, used 173722K [0x00000000c0000000, 0x00000000caa00000, 0x00000000eab00000)
  object space 174080K, 99% used [0x00000000c0000000,0x00000000ca9a6b30,0x00000000caa00000)
 Metaspace       used 109401K, committed 110784K, reserved 1179648K
  class space    used 10612K, committed 11264K, reserved 1048576K
}
Event: 3757.640 GC heap before
{Heap before GC invocations=16861 (full 358):
 PSYoungGen      total 5120K, used 4673K [0x00000000eab00000, 0x00000000eb380000, 0x0000000100000000)
  eden space 3584K, 100% used [0x00000000eab00000,0x00000000eae80000,0x00000000eae80000)
  from space 1536K, 70% used [0x00000000eae80000,0x00000000eaf907c8,0x00000000eb000000)
  to   space 2048K, 0% used [0x00000000eb180000,0x00000000eb180000,0x00000000eb380000)
 ParOldGen       total 174080K, used 173722K [0x00000000c0000000, 0x00000000caa00000, 0x00000000eab00000)
  object space 174080K, 99% used [0x00000000c0000000,0x00000000ca9a6b30,0x00000000caa00000)
 Metaspace       used 109402K, committed 110784K, reserved 1179648K
  class space    used 10612K, committed 11264K, reserved 1048576K
}

